<?xml version="1.0" encoding="UTF-8"?>
<testng-results skipped="0" failed="0" total="1" passed="1">
  <reporter-output>
  </reporter-output>
  <suite name="Default suite" duration-ms="55793" started-at="2021-02-23T11:24:55Z" finished-at="2021-02-23T11:25:51Z">
    <groups>
      <group name="cucumber">
        <method signature="AbstractTestNGCucumberTests.runScenario(cucumber.api.testng.PickleEventWrapper, cucumber.api.testng.CucumberFeatureWrapper)[pri:0, instance:com.incubyte.gmail.test.runner.Runner@340f438e]" name="runScenario" class="cucumber.api.testng.AbstractTestNGCucumberTests"/>
      </group> <!-- cucumber -->
    </groups>
    <test name="Default test" duration-ms="55793" started-at="2021-02-23T11:24:55Z" finished-at="2021-02-23T11:25:51Z">
      <class name="com.incubyte.gmail.test.runner.Runner">
        <test-method status="PASS" signature="setUpClass()[pri:0, instance:com.incubyte.gmail.test.runner.Runner@340f438e]" name="setUpClass" is-config="true" duration-ms="261" started-at="2021-02-23T16:54:55Z" finished-at="2021-02-23T16:54:55Z">
          <reporter-output>
          </reporter-output>
        </test-method> <!-- setUpClass -->
        <test-method status="PASS" signature="runScenario(cucumber.api.testng.PickleEventWrapper, cucumber.api.testng.CucumberFeatureWrapper)[pri:0, instance:com.incubyte.gmail.test.runner.Runner@340f438e]" name="runScenario" duration-ms="55367" started-at="2021-02-23T16:54:55Z" description="Runs Cucumber Scenarios" data-provider="scenarios" finished-at="2021-02-23T16:55:51Z">
          <params>
            <param index="0">
              <value>
                <![CDATA["To Verify yahoo compose mail with attachment functionality : (TS001)"]]>
              </value>
            </param>
            <param index="1">
              <value>
                <![CDATA["Verify yahoo send mail functionality"]]>
              </value>
            </param>
          </params>
          <reporter-output>
          </reporter-output>
        </test-method> <!-- runScenario -->
        <test-method status="PASS" signature="tearDownClass()[pri:0, instance:com.incubyte.gmail.test.runner.Runner@340f438e]" name="tearDownClass" is-config="true" duration-ms="65" started-at="2021-02-23T16:55:51Z" finished-at="2021-02-23T16:55:51Z">
          <reporter-output>
          </reporter-output>
        </test-method> <!-- tearDownClass -->
      </class> <!-- com.incubyte.gmail.test.runner.Runner -->
    </test> <!-- Default test -->
  </suite> <!-- Default suite -->
</testng-results>
